<?xml version="1.0" encoding="utf-8"?>
<coverage line-rate="0.8887999999999999" branch-rate="0.7021" version="1.9" timestamp="1761440526" lines-covered="184" lines-valid="207" branches-covered="33" branches-valid="47">
  <sources>
    <source>/Users/owenmccusker/Documents/dev/global-joules/gj-sim/src/HEUSS.Core/</source>
  </sources>
  <packages>
    <package name="HEUSS.Core" line-rate="0.8887999999999999" branch-rate="0.7021" complexity="140">
      <classes>
        <class name="HEUSS.Core.Utilities.EnergyConversion" filename="Utilities/EnergyConversion.cs" line-rate="0.6315" branch-rate="0.75" complexity="16">
          <methods>
            <method name="KilocaloriesToJoules" signature="(System.Double)" line-rate="1" branch-rate="1" complexity="1">
              <lines>
                <line number="66" hits="12" branch="False" />
              </lines>
            </method>
            <method name="JoulesToKilocalories" signature="(System.Double)" line-rate="0" branch-rate="1" complexity="1">
              <lines>
                <line number="74" hits="0" branch="False" />
              </lines>
            </method>
            <method name="KWhToJoules" signature="(System.Double)" line-rate="1" branch-rate="1" complexity="1">
              <lines>
                <line number="86" hits="56" branch="False" />
              </lines>
            </method>
            <method name="JoulesToKWh" signature="(System.Double)" line-rate="0" branch-rate="1" complexity="1">
              <lines>
                <line number="94" hits="0" branch="False" />
              </lines>
            </method>
            <method name="GallonsGasolineToJoules" signature="(System.Double)" line-rate="1" branch-rate="1" complexity="1">
              <lines>
                <line number="106" hits="1" branch="False" />
              </lines>
            </method>
            <method name="LitersGasolineToJoules" signature="(System.Double)" line-rate="1" branch-rate="1" complexity="1">
              <lines>
                <line number="114" hits="3" branch="False" />
              </lines>
            </method>
            <method name="LitersDieselToJoules" signature="(System.Double)" line-rate="1" branch-rate="1" complexity="1">
              <lines>
                <line number="122" hits="7" branch="False" />
              </lines>
            </method>
            <method name="CubicMetersNaturalGasToJoules" signature="(System.Double)" line-rate="0" branch-rate="1" complexity="1">
              <lines>
                <line number="130" hits="0" branch="False" />
              </lines>
            </method>
            <method name="MegajoulesToJoules" signature="(System.Double)" line-rate="0" branch-rate="1" complexity="1">
              <lines>
                <line number="142" hits="0" branch="False" />
              </lines>
            </method>
            <method name="JoulesToMegajoules" signature="(System.Double)" line-rate="1" branch-rate="1" complexity="1">
              <lines>
                <line number="150" hits="1" branch="False" />
              </lines>
            </method>
            <method name="GigajoulesToJoules" signature="(System.Double)" line-rate="0" branch-rate="1" complexity="1">
              <lines>
                <line number="158" hits="0" branch="False" />
              </lines>
            </method>
            <method name="JoulesToGigajoules" signature="(System.Double)" line-rate="0" branch-rate="1" complexity="1">
              <lines>
                <line number="166" hits="0" branch="False" />
              </lines>
            </method>
            <method name="FormatEnergy" signature="(System.Double)" line-rate="0.8571" branch-rate="0.75" complexity="4">
              <lines>
                <line number="178" hits="2" branch="False" />
                <line number="179" hits="2" branch="True" condition-coverage="100% (2/2)">
                  <conditions>
                    <condition number="23" type="jump" coverage="100%" />
                  </conditions>
                </line>
                <line number="180" hits="1" branch="False" />
                <line number="181" hits="1" branch="True" condition-coverage="50% (1/2)">
                  <conditions>
                    <condition number="103" type="jump" coverage="50%" />
                  </conditions>
                </line>
                <line number="182" hits="1" branch="False" />
                <line number="184" hits="0" branch="False" />
                <line number="185" hits="2" branch="False" />
              </lines>
            </method>
          </methods>
          <lines>
            <line number="66" hits="12" branch="False" />
            <line number="74" hits="0" branch="False" />
            <line number="86" hits="56" branch="False" />
            <line number="94" hits="0" branch="False" />
            <line number="106" hits="1" branch="False" />
            <line number="114" hits="3" branch="False" />
            <line number="122" hits="7" branch="False" />
            <line number="130" hits="0" branch="False" />
            <line number="142" hits="0" branch="False" />
            <line number="150" hits="1" branch="False" />
            <line number="158" hits="0" branch="False" />
            <line number="166" hits="0" branch="False" />
            <line number="178" hits="2" branch="False" />
            <line number="179" hits="2" branch="True" condition-coverage="100% (2/2)">
              <conditions>
                <condition number="23" type="jump" coverage="100%" />
              </conditions>
            </line>
            <line number="180" hits="1" branch="False" />
            <line number="181" hits="1" branch="True" condition-coverage="50% (1/2)">
              <conditions>
                <condition number="103" type="jump" coverage="50%" />
              </conditions>
            </line>
            <line number="182" hits="1" branch="False" />
            <line number="184" hits="0" branch="False" />
            <line number="185" hits="2" branch="False" />
          </lines>
        </class>
        <class name="HEUSS.Core.Models.EnergyEntity" filename="Models/EnergyEntity.cs" line-rate="0.6666" branch-rate="1" complexity="3">
          <methods>
            <method name="get_Id" signature="()" line-rate="1" branch-rate="1" complexity="1">
              <lines>
                <line number="13" hits="40" branch="False" />
              </lines>
            </method>
            <method name="get_Name" signature="()" line-rate="1" branch-rate="1" complexity="1">
              <lines>
                <line number="18" hits="60" branch="False" />
              </lines>
            </method>
            <method name="get_RegionId" signature="()" line-rate="0" branch-rate="1" complexity="1">
              <lines>
                <line number="23" hits="0" branch="False" />
              </lines>
            </method>
          </methods>
          <lines>
            <line number="13" hits="40" branch="False" />
            <line number="18" hits="60" branch="False" />
            <line number="23" hits="0" branch="False" />
          </lines>
        </class>
        <class name="HEUSS.Core.Models.Nation" filename="Models/Nation.cs" line-rate="0.9" branch-rate="1" complexity="9">
          <methods>
            <method name="get_Id" signature="()" line-rate="1" branch-rate="1" complexity="1">
              <lines>
                <line number="12" hits="3" branch="False" />
              </lines>
            </method>
            <method name="get_Name" signature="()" line-rate="1" branch-rate="1" complexity="1">
              <lines>
                <line number="17" hits="6" branch="False" />
              </lines>
            </method>
            <method name="get_CountryCode" signature="()" line-rate="1" branch-rate="1" complexity="1">
              <lines>
                <line number="22" hits="4" branch="False" />
              </lines>
            </method>
            <method name="get_Population" signature="()" line-rate="1" branch-rate="1" complexity="1">
              <lines>
                <line number="27" hits="5" branch="False" />
              </lines>
            </method>
            <method name="get_GdpPerCapita" signature="()" line-rate="0" branch-rate="1" complexity="1">
              <lines>
                <line number="32" hits="0" branch="False" />
              </lines>
            </method>
            <method name="get_RegionIds" signature="()" line-rate="1" branch-rate="1" complexity="1">
              <lines>
                <line number="37" hits="10" branch="False" />
              </lines>
            </method>
            <method name="get_TotalDailyEnergyConsumption" signature="()" line-rate="1" branch-rate="1" complexity="1">
              <lines>
                <line number="43" hits="3" branch="False" />
              </lines>
            </method>
            <method name="get_PerCapitaDailyEnergy" signature="()" line-rate="1" branch-rate="1" complexity="2">
              <lines>
                <line number="48" hits="2" branch="True" condition-coverage="100% (2/2)">
                  <conditions>
                    <condition number="8" type="jump" coverage="100%" />
                  </conditions>
                </line>
                <line number="49" hits="2" branch="False" />
                <line number="50" hits="2" branch="False" />
              </lines>
            </method>
          </methods>
          <lines>
            <line number="12" hits="3" branch="False" />
            <line number="17" hits="6" branch="False" />
            <line number="22" hits="4" branch="False" />
            <line number="27" hits="5" branch="False" />
            <line number="32" hits="0" branch="False" />
            <line number="37" hits="10" branch="False" />
            <line number="43" hits="3" branch="False" />
            <line number="48" hits="2" branch="True" condition-coverage="100% (2/2)">
              <conditions>
                <condition number="8" type="jump" coverage="100%" />
              </conditions>
            </line>
            <line number="49" hits="2" branch="False" />
            <line number="50" hits="2" branch="False" />
          </lines>
        </class>
        <class name="HEUSS.Core.Models.Region" filename="Models/Region.cs" line-rate="0.95" branch-rate="0.5" complexity="19">
          <methods>
            <method name="get_Id" signature="()" line-rate="1" branch-rate="1" complexity="1">
              <lines>
                <line number="14" hits="9" branch="False" />
              </lines>
            </method>
            <method name="get_Name" signature="()" line-rate="1" branch-rate="1" complexity="1">
              <lines>
                <line number="19" hits="18" branch="False" />
              </lines>
            </method>
            <method name="get_NationId" signature="()" line-rate="0" branch-rate="1" complexity="1">
              <lines>
                <line number="24" hits="0" branch="False" />
              </lines>
            </method>
            <method name="get_ClimateType" signature="()" line-rate="1" branch-rate="1" complexity="1">
              <lines>
                <line number="29" hits="4" branch="False" />
              </lines>
            </method>
            <method name="get_PopulationDensity" signature="()" line-rate="1" branch-rate="1" complexity="1">
              <lines>
                <line number="34" hits="6" branch="False" />
              </lines>
            </method>
            <method name="get_Population" signature="()" line-rate="1" branch-rate="1" complexity="1">
              <lines>
                <line number="39" hits="3" branch="False" />
              </lines>
            </method>
            <method name="get_DevelopmentLevel" signature="()" line-rate="1" branch-rate="1" complexity="1">
              <lines>
                <line number="44" hits="2" branch="False" />
              </lines>
            </method>
            <method name="get_HasElectricity" signature="()" line-rate="1" branch-rate="1" complexity="1">
              <lines>
                <line number="51" hits="4" branch="False" />
              </lines>
            </method>
            <method name="get_ElectricityCoverage" signature="()" line-rate="1" branch-rate="1" complexity="1">
              <lines>
                <line number="56" hits="4" branch="False" />
              </lines>
            </method>
            <method name="get_HasRunningWater" signature="()" line-rate="1" branch-rate="1" complexity="1">
              <lines>
                <line number="61" hits="4" branch="False" />
              </lines>
            </method>
            <method name="get_HasRoadNetwork" signature="()" line-rate="1" branch-rate="1" complexity="1">
              <lines>
                <line number="66" hits="2" branch="False" />
              </lines>
            </method>
            <method name="get_LatitudeNorth" signature="()" line-rate="1" branch-rate="1" complexity="1">
              <lines>
                <line number="75" hits="2" branch="False" />
              </lines>
            </method>
            <method name="get_LatitudeSouth" signature="()" line-rate="1" branch-rate="1" complexity="1">
              <lines>
                <line number="80" hits="2" branch="False" />
              </lines>
            </method>
            <method name="get_LongitudeEast" signature="()" line-rate="1" branch-rate="1" complexity="1">
              <lines>
                <line number="85" hits="2" branch="False" />
              </lines>
            </method>
            <method name="get_LongitudeWest" signature="()" line-rate="1" branch-rate="1" complexity="1">
              <lines>
                <line number="90" hits="2" branch="False" />
              </lines>
            </method>
            <method name="get_TotalDailyEnergyConsumption" signature="()" line-rate="1" branch-rate="1" complexity="1">
              <lines>
                <line number="100" hits="2" branch="False" />
              </lines>
            </method>
            <method name="get_PerCapitaDailyEnergy" signature="()" line-rate="1" branch-rate="0.5" complexity="2">
              <lines>
                <line number="105" hits="1" branch="True" condition-coverage="50% (1/2)">
                  <conditions>
                    <condition number="8" type="jump" coverage="50%" />
                  </conditions>
                </line>
                <line number="106" hits="1" branch="False" />
                <line number="107" hits="1" branch="False" />
              </lines>
            </method>
            <method name="get_LastUpdated" signature="()" line-rate="1" branch-rate="1" complexity="1">
              <lines>
                <line number="114" hits="11" branch="False" />
              </lines>
            </method>
          </methods>
          <lines>
            <line number="14" hits="9" branch="False" />
            <line number="19" hits="18" branch="False" />
            <line number="24" hits="0" branch="False" />
            <line number="29" hits="4" branch="False" />
            <line number="34" hits="6" branch="False" />
            <line number="39" hits="3" branch="False" />
            <line number="44" hits="2" branch="False" />
            <line number="51" hits="4" branch="False" />
            <line number="56" hits="4" branch="False" />
            <line number="61" hits="4" branch="False" />
            <line number="66" hits="2" branch="False" />
            <line number="75" hits="2" branch="False" />
            <line number="80" hits="2" branch="False" />
            <line number="85" hits="2" branch="False" />
            <line number="90" hits="2" branch="False" />
            <line number="100" hits="2" branch="False" />
            <line number="105" hits="1" branch="True" condition-coverage="50% (1/2)">
              <conditions>
                <condition number="8" type="jump" coverage="50%" />
              </conditions>
            </line>
            <line number="106" hits="1" branch="False" />
            <line number="107" hits="1" branch="False" />
            <line number="114" hits="11" branch="False" />
          </lines>
        </class>
        <class name="HEUSS.Core.Models.Entities.Business" filename="Models/Entities/Business.cs" line-rate="0.8823000000000001" branch-rate="0.875" complexity="13">
          <methods>
            <method name="get_IndustryType" signature="()" line-rate="1" branch-rate="1" complexity="1">
              <lines>
                <line number="14" hits="24" branch="False" />
              </lines>
            </method>
            <method name="get_Workforce" signature="()" line-rate="1" branch-rate="1" complexity="1">
              <lines>
                <line number="19" hits="16" branch="False" />
              </lines>
            </method>
            <method name="get_BuildingSizeSquareMeters" signature="()" line-rate="1" branch-rate="1" complexity="1">
              <lines>
                <line number="24" hits="1" branch="False" />
              </lines>
            </method>
            <method name="get_DailyEnergyPerEmployee" signature="()" line-rate="0" branch-rate="1" complexity="1">
              <lines>
                <line number="29" hits="0" branch="False" />
              </lines>
            </method>
            <method name="get_OperationalHoursPerDay" signature="()" line-rate="1" branch-rate="1" complexity="1">
              <lines>
                <line number="34" hits="23" branch="False" />
              </lines>
            </method>
            <method name="ComputeDailyEnergyUse" signature="()" line-rate="0.9166" branch-rate="0.875" complexity="8">
              <lines>
                <line number="40" hits="8" branch="False" />
                <line number="42" hits="8" branch="True" condition-coverage="87.5% (7/8)">
                  <conditions>
                    <condition number="28" type="jump" coverage="100%" />
                    <condition number="41" type="jump" coverage="100%" />
                    <condition number="54" type="jump" coverage="100%" />
                    <condition number="67" type="jump" coverage="50%" />
                  </conditions>
                </line>
                <line number="43" hits="8" branch="False" />
                <line number="44" hits="3" branch="False" />
                <line number="45" hits="3" branch="False" />
                <line number="46" hits="1" branch="False" />
                <line number="47" hits="1" branch="False" />
                <line number="48" hits="0" branch="False" />
                <line number="49" hits="8" branch="False" />
                <line number="52" hits="8" branch="False" />
                <line number="54" hits="8" branch="False" />
                <line number="55" hits="8" branch="False" />
              </lines>
            </method>
          </methods>
          <lines>
            <line number="14" hits="24" branch="False" />
            <line number="19" hits="16" branch="False" />
            <line number="24" hits="1" branch="False" />
            <line number="29" hits="0" branch="False" />
            <line number="34" hits="23" branch="False" />
            <line number="40" hits="8" branch="False" />
            <line number="42" hits="8" branch="True" condition-coverage="87.5% (7/8)">
              <conditions>
                <condition number="28" type="jump" coverage="100%" />
                <condition number="41" type="jump" coverage="100%" />
                <condition number="54" type="jump" coverage="100%" />
                <condition number="67" type="jump" coverage="50%" />
              </conditions>
            </line>
            <line number="43" hits="8" branch="False" />
            <line number="44" hits="3" branch="False" />
            <line number="45" hits="3" branch="False" />
            <line number="46" hits="1" branch="False" />
            <line number="47" hits="1" branch="False" />
            <line number="48" hits="0" branch="False" />
            <line number="49" hits="8" branch="False" />
            <line number="52" hits="8" branch="False" />
            <line number="54" hits="8" branch="False" />
            <line number="55" hits="8" branch="False" />
          </lines>
        </class>
        <class name="HEUSS.Core.Models.Entities.DataCenter" filename="Models/Entities/DataCenter.cs" line-rate="0.875" branch-rate="0.875" complexity="15">
          <methods>
            <method name="get_SizeCategory" signature="()" line-rate="1" branch-rate="1" complexity="1">
              <lines>
                <line number="14" hits="8" branch="False" />
              </lines>
            </method>
            <method name="get_ServerCount" signature="()" line-rate="1" branch-rate="1" complexity="1">
              <lines>
                <line number="19" hits="10" branch="False" />
              </lines>
            </method>
            <method name="get_PowerUsageEffectiveness" signature="()" line-rate="1" branch-rate="1" complexity="1">
              <lines>
                <line number="26" hits="15" branch="False" />
              </lines>
            </method>
            <method name="get_AveragePowerPerServer" signature="()" line-rate="1" branch-rate="1" complexity="1">
              <lines>
                <line number="31" hits="15" branch="False" />
              </lines>
            </method>
            <method name="get_WorkloadType" signature="()" line-rate="1" branch-rate="1" complexity="1">
              <lines>
                <line number="36" hits="5" branch="False" />
              </lines>
            </method>
            <method name="get_CoolingSystem" signature="()" line-rate="1" branch-rate="1" complexity="1">
              <lines>
                <line number="41" hits="5" branch="False" />
              </lines>
            </method>
            <method name="ComputeDailyEnergyUse" signature="()" line-rate="1" branch-rate="1" complexity="1">
              <lines>
                <line number="48" hits="4" branch="False" />
                <line number="50" hits="4" branch="False" />
                <line number="53" hits="4" branch="False" />
                <line number="58" hits="4" branch="False" />
                <line number="60" hits="4" branch="False" />
                <line number="61" hits="4" branch="False" />
              </lines>
            </method>
            <method name="InitializeBySize" signature="(System.String)" line-rate="0.8" branch-rate="0.875" complexity="8">
              <lines>
                <line number="67" hits="3" branch="False" />
                <line number="68" hits="3" branch="False" />
                <line number="70" hits="3" branch="True" condition-coverage="87.5% (7/8)">
                  <conditions>
                    <condition number="29" type="jump" coverage="100%" />
                    <condition number="42" type="jump" coverage="50%" />
                    <condition number="55" type="jump" coverage="100%" />
                    <condition number="68" type="jump" coverage="100%" />
                  </conditions>
                </line>
                <line number="73" hits="1" branch="False" />
                <line number="74" hits="1" branch="False" />
                <line number="75" hits="1" branch="False" />
                <line number="76" hits="1" branch="False" />
                <line number="79" hits="0" branch="False" />
                <line number="80" hits="0" branch="False" />
                <line number="81" hits="0" branch="False" />
                <line number="82" hits="0" branch="False" />
                <line number="85" hits="1" branch="False" />
                <line number="86" hits="1" branch="False" />
                <line number="87" hits="1" branch="False" />
                <line number="88" hits="1" branch="False" />
                <line number="91" hits="1" branch="False" />
                <line number="92" hits="1" branch="False" />
                <line number="93" hits="1" branch="False" />
                <line number="94" hits="1" branch="False" />
                <line number="96" hits="3" branch="False" />
              </lines>
            </method>
          </methods>
          <lines>
            <line number="14" hits="8" branch="False" />
            <line number="19" hits="10" branch="False" />
            <line number="26" hits="15" branch="False" />
            <line number="31" hits="15" branch="False" />
            <line number="36" hits="5" branch="False" />
            <line number="41" hits="5" branch="False" />
            <line number="48" hits="4" branch="False" />
            <line number="50" hits="4" branch="False" />
            <line number="53" hits="4" branch="False" />
            <line number="58" hits="4" branch="False" />
            <line number="60" hits="4" branch="False" />
            <line number="61" hits="4" branch="False" />
            <line number="67" hits="3" branch="False" />
            <line number="68" hits="3" branch="False" />
            <line number="70" hits="3" branch="True" condition-coverage="87.5% (7/8)">
              <conditions>
                <condition number="29" type="jump" coverage="100%" />
                <condition number="42" type="jump" coverage="50%" />
                <condition number="55" type="jump" coverage="100%" />
                <condition number="68" type="jump" coverage="100%" />
              </conditions>
            </line>
            <line number="73" hits="1" branch="False" />
            <line number="74" hits="1" branch="False" />
            <line number="75" hits="1" branch="False" />
            <line number="76" hits="1" branch="False" />
            <line number="79" hits="0" branch="False" />
            <line number="80" hits="0" branch="False" />
            <line number="81" hits="0" branch="False" />
            <line number="82" hits="0" branch="False" />
            <line number="85" hits="1" branch="False" />
            <line number="86" hits="1" branch="False" />
            <line number="87" hits="1" branch="False" />
            <line number="88" hits="1" branch="False" />
            <line number="91" hits="1" branch="False" />
            <line number="92" hits="1" branch="False" />
            <line number="93" hits="1" branch="False" />
            <line number="94" hits="1" branch="False" />
            <line number="96" hits="3" branch="False" />
          </lines>
        </class>
        <class name="HEUSS.Core.Models.Entities.Farm" filename="Models/Entities/Farm.cs" line-rate="1" branch-rate="0.5" complexity="12">
          <methods>
            <method name="get_LandAreaHectares" signature="()" line-rate="1" branch-rate="1" complexity="1">
              <lines>
                <line number="14" hits="3" branch="False" />
              </lines>
            </method>
            <method name="get_FarmType" signature="()" line-rate="1" branch-rate="1" complexity="1">
              <lines>
                <line number="19" hits="11" branch="False" />
              </lines>
            </method>
            <method name="get_CropTypes" signature="()" line-rate="1" branch-rate="1" complexity="1">
              <lines>
                <line number="24" hits="10" branch="False" />
              </lines>
            </method>
            <method name="get_FoodOutputEnergyPerDay" signature="()" line-rate="1" branch-rate="1" complexity="1">
              <lines>
                <line number="29" hits="9" branch="False" />
              </lines>
            </method>
            <method name="get_WasteRate" signature="()" line-rate="1" branch-rate="1" complexity="1">
              <lines>
                <line number="35" hits="17" branch="False" />
              </lines>
            </method>
            <method name="get_MachineryCount" signature="()" line-rate="1" branch-rate="1" complexity="1">
              <lines>
                <line number="40" hits="2" branch="False" />
              </lines>
            </method>
            <method name="get_DailyFuelConsumptionLiters" signature="()" line-rate="1" branch-rate="1" complexity="1">
              <lines>
                <line number="45" hits="9" branch="False" />
              </lines>
            </method>
            <method name="get_DailyElectricityKWh" signature="()" line-rate="1" branch-rate="1" complexity="1">
              <lines>
                <line number="50" hits="9" branch="False" />
              </lines>
            </method>
            <method name="ComputeDailyEnergyUse" signature="()" line-rate="1" branch-rate="1" complexity="1">
              <lines>
                <line number="57" hits="5" branch="False" />
                <line number="59" hits="5" branch="False" />
                <line number="60" hits="5" branch="False" />
                <line number="62" hits="5" branch="False" />
                <line number="63" hits="5" branch="False" />
              </lines>
            </method>
            <method name="ComputeNetFoodEnergyProduced" signature="()" line-rate="1" branch-rate="1" complexity="1">
              <lines>
                <line number="71" hits="5" branch="False" />
                <line number="72" hits="5" branch="False" />
                <line number="73" hits="5" branch="False" />
              </lines>
            </method>
            <method name="get_EnergyReturnOnInvestment" signature="()" line-rate="1" branch-rate="0.5" complexity="2">
              <lines>
                <line number="82" hits="1" branch="False" />
                <line number="83" hits="1" branch="False" />
                <line number="84" hits="1" branch="True" condition-coverage="50% (1/2)">
                  <conditions>
                    <condition number="22" type="jump" coverage="50%" />
                  </conditions>
                </line>
                <line number="85" hits="1" branch="False" />
                <line number="86" hits="1" branch="False" />
              </lines>
            </method>
          </methods>
          <lines>
            <line number="14" hits="3" branch="False" />
            <line number="19" hits="11" branch="False" />
            <line number="24" hits="10" branch="False" />
            <line number="29" hits="9" branch="False" />
            <line number="35" hits="17" branch="False" />
            <line number="40" hits="2" branch="False" />
            <line number="45" hits="9" branch="False" />
            <line number="50" hits="9" branch="False" />
            <line number="57" hits="5" branch="False" />
            <line number="59" hits="5" branch="False" />
            <line number="60" hits="5" branch="False" />
            <line number="62" hits="5" branch="False" />
            <line number="63" hits="5" branch="False" />
            <line number="71" hits="5" branch="False" />
            <line number="72" hits="5" branch="False" />
            <line number="73" hits="5" branch="False" />
            <line number="82" hits="1" branch="False" />
            <line number="83" hits="1" branch="False" />
            <line number="84" hits="1" branch="True" condition-coverage="50% (1/2)">
              <conditions>
                <condition number="22" type="jump" coverage="50%" />
              </conditions>
            </line>
            <line number="85" hits="1" branch="False" />
            <line number="86" hits="1" branch="False" />
          </lines>
        </class>
        <class name="HEUSS.Core.Models.Entities.House" filename="Models/Entities/House.cs" line-rate="0.862" branch-rate="0.5714" complexity="18">
          <methods>
            <method name="get_OwnerIds" signature="()" line-rate="1" branch-rate="1" complexity="1">
              <lines>
                <line number="15" hits="17" branch="False" />
              </lines>
            </method>
            <method name="get_SizeSquareMeters" signature="()" line-rate="1" branch-rate="1" complexity="1">
              <lines>
                <line number="20" hits="16" branch="False" />
              </lines>
            </method>
            <method name="get_HouseholdCount" signature="()" line-rate="1" branch-rate="1" complexity="1">
              <lines>
                <line number="25" hits="30" branch="False" />
              </lines>
            </method>
            <method name="get_HeatingType" signature="()" line-rate="0" branch-rate="1" complexity="1">
              <lines>
                <line number="32" hits="0" branch="False" />
              </lines>
            </method>
            <method name="get_CoolingType" signature="()" line-rate="1" branch-rate="1" complexity="1">
              <lines>
                <line number="37" hits="10" branch="False" />
              </lines>
            </method>
            <method name="get_InsulationFactor" signature="()" line-rate="1" branch-rate="1" complexity="1">
              <lines>
                <line number="43" hits="24" branch="False" />
              </lines>
            </method>
            <method name="get_DailyHvacEnergy" signature="()" line-rate="1" branch-rate="1" complexity="1">
              <lines>
                <line number="52" hits="18" branch="False" />
              </lines>
            </method>
            <method name="get_DailyApplianceEnergy" signature="()" line-rate="1" branch-rate="1" complexity="1">
              <lines>
                <line number="57" hits="13" branch="False" />
              </lines>
            </method>
            <method name="get_DailyLightingEnergy" signature="()" line-rate="1" branch-rate="1" complexity="1">
              <lines>
                <line number="62" hits="13" branch="False" />
              </lines>
            </method>
            <method name="get_DailyWaterHeatingEnergy" signature="()" line-rate="1" branch-rate="1" complexity="1">
              <lines>
                <line number="67" hits="13" branch="False" />
              </lines>
            </method>
            <method name="ComputeDailyEnergyUse" signature="()" line-rate="1" branch-rate="1" complexity="1">
              <lines>
                <line number="75" hits="2" branch="False" />
                <line number="76" hits="2" branch="False" />
                <line number="77" hits="2" branch="False" />
              </lines>
            </method>
            <method name="InitializeTypicalEnergyConsumption" signature="(HEUSS.Core.Enums.ClimateType)" line-rate="0.8125" branch-rate="0.5714" complexity="7">
              <lines>
                <line number="83" hits="7" branch="False" />
                <line number="85" hits="7" branch="True" condition-coverage="57.14% (4/7)">
                  <conditions>
                    <condition number="6" type="switch" coverage="57.14%" />
                  </conditions>
                </line>
                <line number="86" hits="7" branch="False" />
                <line number="87" hits="2" branch="False" />
                <line number="88" hits="0" branch="False" />
                <line number="89" hits="2" branch="False" />
                <line number="90" hits="2" branch="False" />
                <line number="91" hits="1" branch="False" />
                <line number="92" hits="0" branch="False" />
                <line number="93" hits="0" branch="False" />
                <line number="94" hits="7" branch="False" />
                <line number="96" hits="7" branch="False" />
                <line number="97" hits="7" branch="False" />
                <line number="98" hits="7" branch="False" />
                <line number="99" hits="7" branch="False" />
                <line number="100" hits="7" branch="False" />
              </lines>
            </method>
          </methods>
          <lines>
            <line number="15" hits="17" branch="False" />
            <line number="20" hits="16" branch="False" />
            <line number="25" hits="30" branch="False" />
            <line number="32" hits="0" branch="False" />
            <line number="37" hits="10" branch="False" />
            <line number="43" hits="24" branch="False" />
            <line number="52" hits="18" branch="False" />
            <line number="57" hits="13" branch="False" />
            <line number="62" hits="13" branch="False" />
            <line number="67" hits="13" branch="False" />
            <line number="75" hits="2" branch="False" />
            <line number="76" hits="2" branch="False" />
            <line number="77" hits="2" branch="False" />
            <line number="83" hits="7" branch="False" />
            <line number="85" hits="7" branch="True" condition-coverage="57.14% (4/7)">
              <conditions>
                <condition number="6" type="switch" coverage="57.14%" />
              </conditions>
            </line>
            <line number="86" hits="7" branch="False" />
            <line number="87" hits="2" branch="False" />
            <line number="88" hits="0" branch="False" />
            <line number="89" hits="2" branch="False" />
            <line number="90" hits="2" branch="False" />
            <line number="91" hits="1" branch="False" />
            <line number="92" hits="0" branch="False" />
            <line number="93" hits="0" branch="False" />
            <line number="94" hits="7" branch="False" />
            <line number="96" hits="7" branch="False" />
            <line number="97" hits="7" branch="False" />
            <line number="98" hits="7" branch="False" />
            <line number="99" hits="7" branch="False" />
            <line number="100" hits="7" branch="False" />
          </lines>
        </class>
        <class name="HEUSS.Core.Models.Entities.Person" filename="Models/Entities/Person.cs" line-rate="0.9523" branch-rate="1" complexity="15">
          <methods>
            <method name="get_Age" signature="()" line-rate="1" branch-rate="1" complexity="1">
              <lines>
                <line number="17" hits="5" branch="False" />
              </lines>
            </method>
            <method name="get_Gender" signature="()" line-rate="1" branch-rate="1" complexity="1">
              <lines>
                <line number="22" hits="10" branch="False" />
              </lines>
            </method>
            <method name="get_SocioeconomicArchetype" signature="()" line-rate="1" branch-rate="1" complexity="1">
              <lines>
                <line number="31" hits="4" branch="False" />
              </lines>
            </method>
            <method name="get_OwnsHouse" signature="()" line-rate="1" branch-rate="1" complexity="1">
              <lines>
                <line number="36" hits="4" branch="False" />
              </lines>
            </method>
            <method name="get_OwnsVehicle" signature="()" line-rate="1" branch-rate="1" complexity="1">
              <lines>
                <line number="41" hits="4" branch="False" />
              </lines>
            </method>
            <method name="get_HasElectricityAccess" signature="()" line-rate="1" branch-rate="1" complexity="1">
              <lines>
                <line number="47" hits="4" branch="False" />
              </lines>
            </method>
            <method name="get_BasalMetabolicRate" signature="()" line-rate="1" branch-rate="1" complexity="1">
              <lines>
                <line number="57" hits="12" branch="False" />
              </lines>
            </method>
            <method name="get_ActivityFactor" signature="()" line-rate="1" branch-rate="1" complexity="1">
              <lines>
                <line number="62" hits="7" branch="False" />
              </lines>
            </method>
            <method name="get_DailyFoodIntake" signature="()" line-rate="1" branch-rate="1" complexity="1">
              <lines>
                <line number="68" hits="1" branch="False" />
              </lines>
            </method>
            <method name="get_EmployerId" signature="()" line-rate="0" branch-rate="1" complexity="1">
              <lines>
                <line number="77" hits="0" branch="False" />
              </lines>
            </method>
            <method name="get_OwnedHouseIds" signature="()" line-rate="1" branch-rate="1" complexity="1">
              <lines>
                <line number="86" hits="9" branch="False" />
              </lines>
            </method>
            <method name="get_OwnedVehicleIds" signature="()" line-rate="1" branch-rate="1" complexity="1">
              <lines>
                <line number="91" hits="10" branch="False" />
              </lines>
            </method>
            <method name="ComputeDailyEnergyUse" signature="()" line-rate="1" branch-rate="1" complexity="1">
              <lines>
                <line number="101" hits="1" branch="False" />
                <line number="104" hits="1" branch="False" />
                <line number="105" hits="1" branch="False" />
              </lines>
            </method>
            <method name="InitializeBasalMetabolicRate" signature="(System.Double,System.Double)" line-rate="1" branch-rate="1" complexity="2">
              <lines>
                <line number="111" hits="2" branch="False" />
                <line number="117" hits="2" branch="True" condition-coverage="100% (2/2)">
                  <conditions>
                    <condition number="22" type="jump" coverage="100%" />
                  </conditions>
                </line>
                <line number="118" hits="2" branch="False" />
                <line number="119" hits="2" branch="False" />
                <line number="121" hits="2" branch="False" />
                <line number="122" hits="2" branch="False" />
              </lines>
            </method>
          </methods>
          <lines>
            <line number="17" hits="5" branch="False" />
            <line number="22" hits="10" branch="False" />
            <line number="31" hits="4" branch="False" />
            <line number="36" hits="4" branch="False" />
            <line number="41" hits="4" branch="False" />
            <line number="47" hits="4" branch="False" />
            <line number="57" hits="12" branch="False" />
            <line number="62" hits="7" branch="False" />
            <line number="68" hits="1" branch="False" />
            <line number="77" hits="0" branch="False" />
            <line number="86" hits="9" branch="False" />
            <line number="91" hits="10" branch="False" />
            <line number="101" hits="1" branch="False" />
            <line number="104" hits="1" branch="False" />
            <line number="105" hits="1" branch="False" />
            <line number="111" hits="2" branch="False" />
            <line number="117" hits="2" branch="True" condition-coverage="100% (2/2)">
              <conditions>
                <condition number="22" type="jump" coverage="100%" />
              </conditions>
            </line>
            <line number="118" hits="2" branch="False" />
            <line number="119" hits="2" branch="False" />
            <line number="121" hits="2" branch="False" />
            <line number="122" hits="2" branch="False" />
          </lines>
        </class>
        <class name="HEUSS.Core.Models.Entities.Vehicle" filename="Models/Entities/Vehicle.cs" line-rate="0.9428" branch-rate="0.5" complexity="20">
          <methods>
            <method name="get_OwnerId" signature="()" line-rate="0" branch-rate="1" complexity="1">
              <lines>
                <line number="14" hits="0" branch="False" />
              </lines>
            </method>
            <method name="get_FuelType" signature="()" line-rate="1" branch-rate="1" complexity="1">
              <lines>
                <line number="19" hits="8" branch="False" />
              </lines>
            </method>
            <method name="get_KilometersPerLiter" signature="()" line-rate="1" branch-rate="1" complexity="1">
              <lines>
                <line number="24" hits="9" branch="False" />
              </lines>
            </method>
            <method name="get_KWhPerKilometer" signature="()" line-rate="1" branch-rate="1" complexity="1">
              <lines>
                <line number="29" hits="4" branch="False" />
              </lines>
            </method>
            <method name="get_DailyDistanceKm" signature="()" line-rate="1" branch-rate="1" complexity="1">
              <lines>
                <line number="34" hits="9" branch="False" />
              </lines>
            </method>
            <method name="get_VehicleType" signature="()" line-rate="1" branch-rate="1" complexity="1">
              <lines>
                <line number="39" hits="5" branch="False" />
              </lines>
            </method>
            <method name="ComputeDailyEnergyUse" signature="()" line-rate="0.9" branch-rate="0.5" complexity="8">
              <lines>
                <line number="45" hits="4" branch="False" />
                <line number="46" hits="4" branch="True" condition-coverage="50% (4/8)">
                  <conditions>
                    <condition number="13" type="switch" coverage="50%" />
                  </conditions>
                </line>
                <line number="47" hits="4" branch="False" />
                <line number="48" hits="1" branch="False" />
                <line number="49" hits="1" branch="False" />
                <line number="50" hits="1" branch="False" />
                <line number="51" hits="1" branch="False" />
                <line number="52" hits="0" branch="False" />
                <line number="53" hits="4" branch="False" />
                <line number="54" hits="4" branch="False" />
              </lines>
            </method>
            <method name="CalculateGasolineEnergy" signature="()" line-rate="1" branch-rate="0.5" complexity="2">
              <lines>
                <line number="57" hits="2" branch="False" />
                <line number="58" hits="2" branch="True" condition-coverage="50% (1/2)">
                  <conditions>
                    <condition number="23" type="jump" coverage="50%" />
                  </conditions>
                </line>
                <line number="59" hits="2" branch="False" />
                <line number="60" hits="2" branch="False" />
                <line number="61" hits="2" branch="False" />
              </lines>
            </method>
            <method name="CalculateDieselEnergy" signature="()" line-rate="1" branch-rate="0.5" complexity="2">
              <lines>
                <line number="64" hits="1" branch="False" />
                <line number="65" hits="1" branch="True" condition-coverage="50% (1/2)">
                  <conditions>
                    <condition number="23" type="jump" coverage="50%" />
                  </conditions>
                </line>
                <line number="66" hits="1" branch="False" />
                <line number="67" hits="1" branch="False" />
                <line number="68" hits="1" branch="False" />
              </lines>
            </method>
            <method name="CalculateElectricEnergy" signature="()" line-rate="1" branch-rate="1" complexity="1">
              <lines>
                <line number="71" hits="2" branch="False" />
                <line number="72" hits="2" branch="False" />
                <line number="73" hits="2" branch="False" />
                <line number="74" hits="2" branch="False" />
              </lines>
            </method>
            <method name="CalculateHybridEnergy" signature="()" line-rate="1" branch-rate="1" complexity="1">
              <lines>
                <line number="77" hits="1" branch="False" />
                <line number="79" hits="1" branch="False" />
                <line number="80" hits="1" branch="False" />
                <line number="81" hits="1" branch="False" />
                <line number="82" hits="1" branch="False" />
              </lines>
            </method>
          </methods>
          <lines>
            <line number="14" hits="0" branch="False" />
            <line number="19" hits="8" branch="False" />
            <line number="24" hits="9" branch="False" />
            <line number="29" hits="4" branch="False" />
            <line number="34" hits="9" branch="False" />
            <line number="39" hits="5" branch="False" />
            <line number="45" hits="4" branch="False" />
            <line number="46" hits="4" branch="True" condition-coverage="50% (4/8)">
              <conditions>
                <condition number="13" type="switch" coverage="50%" />
              </conditions>
            </line>
            <line number="47" hits="4" branch="False" />
            <line number="48" hits="1" branch="False" />
            <line number="49" hits="1" branch="False" />
            <line number="50" hits="1" branch="False" />
            <line number="51" hits="1" branch="False" />
            <line number="52" hits="0" branch="False" />
            <line number="53" hits="4" branch="False" />
            <line number="54" hits="4" branch="False" />
            <line number="57" hits="2" branch="False" />
            <line number="58" hits="2" branch="True" condition-coverage="50% (1/2)">
              <conditions>
                <condition number="23" type="jump" coverage="50%" />
              </conditions>
            </line>
            <line number="59" hits="2" branch="False" />
            <line number="60" hits="2" branch="False" />
            <line number="61" hits="2" branch="False" />
            <line number="64" hits="1" branch="False" />
            <line number="65" hits="1" branch="True" condition-coverage="50% (1/2)">
              <conditions>
                <condition number="23" type="jump" coverage="50%" />
              </conditions>
            </line>
            <line number="66" hits="1" branch="False" />
            <line number="67" hits="1" branch="False" />
            <line number="68" hits="1" branch="False" />
            <line number="71" hits="2" branch="False" />
            <line number="72" hits="2" branch="False" />
            <line number="73" hits="2" branch="False" />
            <line number="74" hits="2" branch="False" />
            <line number="77" hits="1" branch="False" />
            <line number="79" hits="1" branch="False" />
            <line number="80" hits="1" branch="False" />
            <line number="81" hits="1" branch="False" />
            <line number="82" hits="1" branch="False" />
          </lines>
        </class>
      </classes>
    </package>
    <package name="HEUSS.Simulation" line-rate="1" branch-rate="1" complexity="0">
      <classes />
    </package>
  </packages>
</coverage>